<?xml version="1.0" encoding="UTF-8"?>
<testng-results ignored="0" total="1" passed="1" failed="0" skipped="0">
  <reporter-output>
  </reporter-output>
  <suite started-at="2026-02-26T18:52:45 IST" name="Default suite" finished-at="2026-02-26T18:54:01 IST" duration-ms="76542">
    <groups>
    </groups>
    <test started-at="2026-02-26T18:52:45 IST" name="Default test" finished-at="2026-02-26T18:54:01 IST" duration-ms="76542">
      <class name="assignments.Assignment2">
        <test-method is-config="true" signature="setUp()[pri:0, instance:assignments.Assignment2@6e171cd7]" started-at="2026-02-26T18:52:45 IST" name="setUp" finished-at="2026-02-26T18:53:30 IST" duration-ms="45402" status="PASS">
          <reporter-output>
          </reporter-output>
        </test-method> <!-- setUp -->
        <test-method signature="test()[pri:0, instance:assignments.Assignment2@6e171cd7]" started-at="2026-02-26T18:53:30 IST" name="test" finished-at="2026-02-26T18:54:00 IST" duration-ms="30138" status="PASS">
          <reporter-output>
          </reporter-output>
        </test-method> <!-- test -->
        <test-method is-config="true" signature="tearDown()[pri:0, instance:assignments.Assignment2@6e171cd7]" started-at="2026-02-26T18:54:00 IST" name="tearDown" finished-at="2026-02-26T18:54:01 IST" duration-ms="976" status="PASS">
          <reporter-output>
          </reporter-output>
        </test-method> <!-- tearDown -->
      </class> <!-- assignments.Assignment2 -->
    </test> <!-- Default test -->
  </suite> <!-- Default suite -->
</testng-results>
